     1                                  ;c2.asm
     2                                  extern printf
     3                                  
     4                                  section .data
     5 00000000 48656C6C6F2C20576F-     	msg1 db "Hello, World!",10,0
     5 00000009 726C64210A00       
     6                                  	msg1Len equ $-msg1-1
     7 0000000F 416C69766520616E64-     	msg2 db "Alive and Kicking!",10,0
     7 00000018 204B69636B696E6721-
     7 00000021 0A00               
     8                                  	msg2Len equ $-msg2-1
     9 00000023 54686973206973206F-     	msg3 db "This is our string: %s",10,0
     9 0000002C 757220737472696E67-
     9 00000035 3A2025730A00       
    10 0000003B 6501000000000000        	radius dq 357
    11 00000043 1F85EB51B81E0940        	pi dq 3.14
    12                                  
    13                                  section .bss
    14                                  section .text
    15                                  	global main
    16                                  main:
    17                                  	;Function prologue
    18 00000000 55                      	push rbp
    19 00000001 4889E5                  	mov rbp,rsp
    20                                  	
    21                                  	;Prep to sent to printf
    22 00000004 B801000000              	mov rax,1 ; 
    23 00000009 BF01000000              	mov rdi,1
    24 0000000E 48BE-                   	mov rsi, msg1
    24 00000010 [0000000000000000] 
    25 00000018 BA0E000000              	mov rdx, msg1Len
    26 0000001D 0F05                    	syscall
    27                                  
    28 0000001F B801000000              	mov rax,1
    29 00000024 BF01000000              	mov rdi,1
    30 00000029 48BE-                   	mov rsi, msg2
    30 0000002B [0F00000000000000] 
    31 00000033 BA13000000              	mov rdx, msg2Len
    32 00000038 0F05                    	syscall
    33                                  	
    34                                  	;Print using Printf
    35 0000003A 48BF-                   	mov rdi,msg3
    35 0000003C [2300000000000000] 
    36 00000044 48BE-                   	mov rsi,msg1
    36 00000046 [0000000000000000] 
    37 0000004E B800000000              	mov rax,0
    38 00000053 E8(00000000)            	call printf
    39                                  
    40                                  	;Function epilogue
    41 00000058 4889EC                  	mov rsp, rbp
    42 0000005B 5D                      	pop rbp
    43                                  
    44                                  	;call clean exit
    45 0000005C B83C000000              	mov rax, 60 ; 60 = exit 
    46 00000061 BF00000000              	mov rdi, 0 ; 0 = success exit code
    47 00000066 0F05                    	syscall ; quit application
